<?xml version="1.0" encoding="UTF-8"?>
<!-- Generated by org.testng.reporters.JUnitReportReporter -->
<testsuite skipped="0" hostname="MLBMYS-12689" name="pageObjectTestCases.TC01Login" tests="1" failures="0" timestamp="08 Jun 2019 10:33:27 GMT" time="11.841" errors="0">
  <testcase name="MCOLogin" time="11.841" classname="pageObjectTestCases.TC01Login"/>
</testsuite> <!-- pageObjectTestCases.TC01Login -->
