<?xml version="1.0" encoding="UTF-8"?>
<!-- Generated by org.testng.reporters.JUnitReportReporter -->
<testsuite skipped="0" hostname="MLBMYS-12689" name="pageObjectTestCases.TC02_Amazon" tests="1" failures="0" timestamp="08 Jun 2019 05:12:15 GMT" time="13.948" errors="0">
  <testcase name="amazonSearch" time="13.948" classname="pageObjectTestCases.TC02_Amazon"/>
</testsuite> <!-- pageObjectTestCases.TC02_Amazon -->
